[log: 2021-01-05-16-04-12] 処理開始
[log: 2021-01-05-16-04-16] 検索キーワード:高収入
[log: 2021-01-05-16-04-37] 0件目成功 : 株式会社レッド・フリップ | ◆入社1年以内にマネージャーへ昇格し年収1000万超えの実績あり
[log: 2021-01-05-16-04-37] 1件目成功 : 株式会社ライジングサンセキュリティーサービス | ★面接保証・書類選考ナシ★入社祝金3万円あり★月収28万円～可
[log: 2021-01-05-16-04-37] 2件目成功 : 株式会社山王 | 今こそ転職は”将来性”で選ぼう！★福岡の安定企業で活躍★
[log: 2021-01-05-16-04-37] 3件目成功 : 株式会社ビッグモーター | 業界No.1の安定性／全国募集／転勤なし／面接1回／基本土日休み
[log: 2021-01-05-16-04-38] 4件目成功 : ECO信頼サービス株式会社 | 人生を充実させたい、稼ぎたいという情熱のある方を募集中！
[log: 2021-01-05-16-04-38] 5件目成功 : 株式会社ハマエンジニアリング | 賞与年3回支給★20代で年収450万円超えのも可能／web面接実施中
[log: 2021-01-05-16-04-38] 6件目成功 : UTエイム株式会社 | 大阪府緊急雇用対策に賛同【東証1部上場グループの安定基盤】
[log: 2021-01-05-16-04-38] 7件目成功 : 株式会社ミュゼプラチナム | ★原則定時退社★コスメ社割／全身美容脱毛0円★WEB面接1回
[log: 2021-01-05-16-04-38] 8件目成功 : 株式会社ビッグモーター | 平均年収861万円◆最高月収278万円◆年収2000万円以上の実績
[log: 2021-01-05-16-04-38] 9件目成功 : 株式会社グランド1コーポレーション | 残業ほぼゼロ/入社1年で年収700万円超の先輩も/昇給・昇格年2回
[log: 2021-01-05-16-04-38] 10件目成功 : DSP株式会社 | ★土日休み ★完全週休2日 ★年間休日125日～130日
[log: 2021-01-05-16-04-38] 11件目成功 : 東建コーポレーション株式会社 | 10人に1人が年収1,000万円を実現しています。
[log: 2021-01-05-16-04-38] 12件目成功 : UTエイム株式会社 | 大阪府緊急雇用対策に賛同【東証一部上場グループ】
[log: 2021-01-05-16-04-38] 13件目成功 : エーアイアールグループ合同募集 | ★中途採用者活躍中★平均年齢29歳★残業少なめ★週休2日制
[log: 2021-01-05-16-04-38] 14件目成功 : 株式会社ビッグモーター | 最新設備が充実／クリーンな環境◆月8日以上休み／賞与年2回
[log: 2021-01-05-16-04-38] 15件目成功 : 東建コーポレーション株式会社 | エリア勤務でも高収入、地元で安心できる生活を手に入れよう！
[log: 2021-01-05-16-04-38] 16件目成功 : 株式会社シェア | 【大阪府緊急雇用対策に賛同】★最高月間インセンティブ105万円
[log: 2021-01-05-16-04-38] 17件目成功 : Finback株式会社 | <大阪府緊急雇用対策に賛同>設立3年目で業績は創業当時の2倍以上
[log: 2021-01-05-16-04-38] 18件目成功 : ME不動産埼京株式会社 | 1/30 マイナビ転職フェア大宮参加＊残業ほぼナシ/年休120日以上
[log: 2021-01-05-16-04-38] 19件目成功 : 株式会社ライジングサンセキュリティーサービス | 人物重視★応募者全員と面接します！／20～60代活躍中★
[log: 2021-01-05-16-04-38] 20件目成功 : UTコンストラクション株式会社 | ★大手グループの安定基盤★土日祝休み
[log: 2021-01-05-16-04-38] 21件目成功 : UTコンストラクション株式会社 | 大阪府緊急雇用対策に賛同・東証一部上場グループ
[log: 2021-01-05-16-04-38] 22件目成功 : 株式会社WILL | 「MOODYZ(ムーディーズ)」「S1(エスワン)」などを手がける企業！
[log: 2021-01-05-16-04-38] 23件目成功 : 新日本住設WEST株式会社 | 【新日本住設グループ】残業は月10h以下/年収1000万円も可能
[log: 2021-01-05-16-04-38] 24件目成功 : 株式会社ガリレオコーポレーション | 『TVCMでお馴染み』の地場密着企業！昇給チャンスは年3回！！
[log: 2021-01-05-16-04-38] 25件目成功 : 株式会社河合塾マナビス | (河合塾グループ)≪20~30代社員多数活躍中！業界未経験者もOK！
[log: 2021-01-05-16-04-39] 26件目成功 : 大同生命保険株式会社 | ★業界経験一切不問 ★有給取得実績多数 ★転勤なし ★土日休み
[log: 2021-01-05-16-04-39] 27件目成功 : DSP株式会社 | 【完全週休2日】【年間休日125日～130日】【産休育休実績あり】
[log: 2021-01-05-16-04-39] 28件目成功 : UTエイム株式会社 | 大阪府緊急雇用対策に賛同【東証一部上場グループ】
[log: 2021-01-05-16-04-39] 29件目成功 : UTエイム株式会社 | 大阪府緊急雇用対策に賛同【東証一部上場グループ】★WEB面接OK
[log: 2021-01-05-16-04-39] 30件目成功 : ECO信頼サービス株式会社 | 人生を充実させたい、稼ぎたいという情熱のある方を募集中！
[log: 2021-01-05-16-04-39] 31件目成功 : 株式会社ビッグモーター | 業界No.1の実績＆安定性／面接1回／月8～10日休み／転勤なし
[log: 2021-01-05-16-04-39] 32件目成功 : 東建コーポレーション株式会社 | エリア勤務でも高収入！地元で安心できる生活を手に入れよう！
[log: 2021-01-05-16-04-39] 33件目成功 : 株式会社アイダ設計 | テレビCMでお馴染みの企業！成長が止まらないハウスメーカー！
[log: 2021-01-05-16-04-39] 34件目成功 : 株式会社貴順 | ★未経験歓迎★初期費用0円★週払い・日払い制度有★男女活躍中
[log: 2021-01-05-16-04-39] 35件目成功 : 株式会社ビッグモーター | 業界No.1企業の安定性／面接1回／転勤なし／土日休み
[log: 2021-01-05-16-04-39] 36件目成功 : 株式会社ビッグモーター | 全国募集／面接1回／月8~10日休み／転勤なし／日本一の実績(※)
[log: 2021-01-05-16-04-39] 37件目成功 : 東建コーポレーション株式会社 | これから先の将来を考えて、当社に入社しませんか？
[log: 2021-01-05-16-04-39] 38件目成功 : 株式会社エルライングループ | ＜住宅設備の専門商社＞#基本残業なし #有休取得率100％
[log: 2021-01-05-16-04-39] 39件目成功 : ビッグブルー株式会社 | ■土日祝休み ■売上昨対比100％増 ■1月に駅チカオフィスに移転
[log: 2021-01-05-16-04-39] 40件目成功 : 株式会社PGSホーム | 未経験でも月給40万円スタートで初年度想定年収は400万円以上！
[log: 2021-01-05-16-04-39] 41件目成功 : 株式会社ハウジングギャラリー | 年収1000万円も可！土日休OK+長期休暇(12連休など)でメリハリ◎
[log: 2021-01-05-16-04-39] 42件目成功 : 株式会社ライジングサンセキュリティーサービス | 【★面接保証！20～60代活躍中】★月給最大40万円も可能！
[log: 2021-01-05-16-04-39] 43件目成功 : 株式会社オガタ | 今期過去最高益！「小さな」超優良企業なんです！UIターン歓迎！
[log: 2021-01-05-16-04-39] 44件目成功 : ソフトバンク営業職合同募集 | 【条件満たす方全員、電話面談確約】★大阪府緊急雇用対策に賛同
[log: 2021-01-05-16-04-39] 45件目成功 : 株式会社ハウジングギャラリー | 社用車1人1台貸与！週休2日+長期休暇（12連休など）でメリハリ◎
[log: 2021-01-05-16-04-39] 46件目成功 : ソフトバンク営業職合同募集 | 【条件満たす方全員、電話面談確約】★大阪府緊急雇用対策に賛同
